	linux-vdso.so.1 (0xbeee0000)
	/usr/lib/arm-linux-gnueabihf/libarmmem-${PLATFORM}.so => /usr/lib/arm-linux-gnueabihf/libarmmem-v7l.so (0xb6f2c000)
	libavutil.so.56 => /lib/arm-linux-gnueabihf/neon/vfp/libavutil.so.56 (0xb6e8e000)
	libavcodec.so.58 => /lib/arm-linux-gnueabihf/neon/vfp/libavcodec.so.58 (0xb5b06000)
	libswscale.so.5 => /lib/arm-linux-gnueabihf/neon/vfp/libswscale.so.5 (0xb5a8b000)
	libavformat.so.58 => /lib/arm-linux-gnueabihf/neon/vfp/libavformat.so.58 (0xb5861000)
	libavdevice.so.58 => /lib/arm-linux-gnueabihf/neon/vfp/libavdevice.so.58 (0xb5827000)
	libswresample.so.3 => /lib/arm-linux-gnueabihf/neon/vfp/libswresample.so.3 (0xb5801000)
	libavfilter.so.7 => /lib/arm-linux-gnueabihf/neon/vfp/libavfilter.so.7 (0xb5590000)
	libAICameraModule.so.4 => not found
	libQt5Widgets.so.5 => /lib/arm-linux-gnueabihf/libQt5Widgets.so.5 (0xb5043000)
	libQt5Gui.so.5 => /lib/arm-linux-gnueabihf/libQt5Gui.so.5 (0xb4bc3000)
	libQt5Core.so.5 => /lib/arm-linux-gnueabihf/libQt5Core.so.5 (0xb4749000)
	libGLESv2.so.2 => /lib/arm-linux-gnueabihf/libGLESv2.so.2 (0xb472a000)
	libpthread.so.0 => /lib/arm-linux-gnueabihf/libpthread.so.0 (0xb4700000)
	libatomic.so.1 => /lib/arm-linux-gnueabihf/libatomic.so.1 (0xb46e7000)
	libstdc++.so.6 => /lib/arm-linux-gnueabihf/libstdc++.so.6 (0xb45a0000)
	libm.so.6 => /lib/arm-linux-gnueabihf/libm.so.6 (0xb451e000)
	libgcc_s.so.1 => /lib/arm-linux-gnueabihf/libgcc_s.so.1 (0xb44f1000)
	libc.so.6 => /lib/arm-linux-gnueabihf/libc.so.6 (0xb43a3000)
	libva-drm.so.2 => /lib/arm-linux-gnueabihf/libva-drm.so.2 (0xb4390000)
	libva.so.2 => /lib/arm-linux-gnueabihf/libva.so.2 (0xb4361000)
	libva-x11.so.2 => /lib/arm-linux-gnueabihf/libva-x11.so.2 (0xb434c000)
	libvdpau.so.1 => /lib/arm-linux-gnueabihf/libvdpau.so.1 (0xb4338000)
	libX11.so.6 => /lib/arm-linux-gnueabihf/libX11.so.6 (0xb4216000)
	libdrm.so.2 => /lib/arm-linux-gnueabihf/libdrm.so.2 (0xb41f7000)
	/lib/ld-linux-armhf.so.3 (0xb6f41000)
	libvpx.so.5 => /lib/arm-linux-gnueabihf/libvpx.so.5 (0xb40f4000)
	libwebpmux.so.3 => /lib/arm-linux-gnueabihf/libwebpmux.so.3 (0xb40dc000)
	libwebp.so.6 => /lib/arm-linux-gnueabihf/libwebp.so.6 (0xb4078000)
	liblzma.so.5 => /lib/arm-linux-gnueabihf/liblzma.so.5 (0xb4047000)
	libmmal_core.so => /opt/vc/lib/libmmal_core.so (0xb4029000)
	libmmal_util.so => /opt/vc/lib/libmmal_util.so (0xb4009000)
	libmmal_vc_client.so => /opt/vc/lib/libmmal_vc_client.so (0xb3fee000)
	libbcm_host.so => /opt/vc/lib/libbcm_host.so (0xb3fc7000)
	libvcsm.so => /opt/vc/lib/libvcsm.so (0xb3fad000)
	librsvg-2.so.2 => /lib/arm-linux-gnueabihf/librsvg-2.so.2 (0xb3b9f000)
	libgobject-2.0.so.0 => /lib/arm-linux-gnueabihf/libgobject-2.0.so.0 (0xb3b42000)
	libglib-2.0.so.0 => /lib/arm-linux-gnueabihf/libglib-2.0.so.0 (0xb3a32000)
	libcairo.so.2 => /lib/arm-linux-gnueabihf/libcairo.so.2 (0xb3939000)
	libzvbi.so.0 => /lib/arm-linux-gnueabihf/libzvbi.so.0 (0xb38b6000)
	libz.so.1 => /lib/arm-linux-gnueabihf/libz.so.1 (0xb388b000)
	libsnappy.so.1 => /lib/arm-linux-gnueabihf/libsnappy.so.1 (0xb3874000)
	libaom.so.0 => /lib/arm-linux-gnueabihf/libaom.so.0 (0xb3578000)
	libcodec2.so.0.8.1 => /lib/arm-linux-gnueabihf/libcodec2.so.0.8.1 (0xb350f000)
	libgsm.so.1 => /lib/arm-linux-gnueabihf/libgsm.so.1 (0xb34f4000)
	libmp3lame.so.0 => /lib/arm-linux-gnueabihf/libmp3lame.so.0 (0xb3478000)
	libopenjp2.so.7 => /lib/arm-linux-gnueabihf/libopenjp2.so.7 (0xb341c000)
	libopus.so.0 => /lib/arm-linux-gnueabihf/libopus.so.0 (0xb33bd000)
	libshine.so.3 => /lib/arm-linux-gnueabihf/libshine.so.3 (0xb33a3000)
	libspeex.so.1 => /lib/arm-linux-gnueabihf/libspeex.so.1 (0xb337c000)
	libtheoraenc.so.1 => /lib/arm-linux-gnueabihf/libtheoraenc.so.1 (0xb333b000)
	libtheoradec.so.1 => /lib/arm-linux-gnueabihf/libtheoradec.so.1 (0xb3313000)
	libtwolame.so.0 => /lib/arm-linux-gnueabihf/libtwolame.so.0 (0xb32e3000)
	libvorbis.so.0 => /lib/arm-linux-gnueabihf/libvorbis.so.0 (0xb32ac000)
	libvorbisenc.so.2 => /lib/arm-linux-gnueabihf/libvorbisenc.so.2 (0xb321a000)
	libwavpack.so.1 => /lib/arm-linux-gnueabihf/libwavpack.so.1 (0xb31e6000)
	libx264.so.155 => /lib/arm-linux-gnueabihf/neon/vfp/libx264.so.155 (0xb2f9a000)
	libx265.so.165 => /lib/arm-linux-gnueabihf/libx265.so.165 (0xb2ce0000)
	libxvidcore.so.4 => /lib/arm-linux-gnueabihf/libxvidcore.so.4 (0xb2bf0000)
	libdl.so.2 => /lib/arm-linux-gnueabihf/libdl.so.2 (0xb2bdd000)
	libudev.so.1 => /lib/arm-linux-gnueabihf/libudev.so.1 (0xb2bad000)
	libxml2.so.2 => /lib/arm-linux-gnueabihf/libxml2.so.2 (0xb2a30000)
	libbz2.so.1.0 => /lib/arm-linux-gnueabihf/libbz2.so.1.0 (0xb2a10000)
	libgme.so.0 => /lib/arm-linux-gnueabihf/libgme.so.0 (0xb29c2000)
	libopenmpt.so.0 => /lib/arm-linux-gnueabihf/libopenmpt.so.0 (0xb2803000)
	libchromaprint.so.1 => /lib/arm-linux-gnueabihf/libchromaprint.so.1 (0xb27e2000)
	libbluray.so.2 => /lib/arm-linux-gnueabihf/libbluray.so.2 (0xb278c000)
	libgnutls.so.30 => /lib/arm-linux-gnueabihf/libgnutls.so.30 (0xb25e9000)
	libssh-gcrypt.so.4 => /lib/arm-linux-gnueabihf/libssh-gcrypt.so.4 (0xb256a000)
	libvchiq_arm.so => /opt/vc/lib/libvchiq_arm.so (0xb2554000)
	libvcos.so => /opt/vc/lib/libvcos.so (0xb253b000)
	libraw1394.so.11 => /lib/arm-linux-gnueabihf/libraw1394.so.11 (0xb251f000)
	libavc1394.so.0 => /lib/arm-linux-gnueabihf/libavc1394.so.0 (0xb250b000)
	librom1394.so.0 => /lib/arm-linux-gnueabihf/librom1394.so.0 (0xb24f7000)
	libiec61883.so.0 => /lib/arm-linux-gnueabihf/libiec61883.so.0 (0xb24db000)
	libjack.so.0 => /lib/arm-linux-gnueabihf/libjack.so.0 (0xb2492000)
	libopenal.so.1 => /lib/arm-linux-gnueabihf/libopenal.so.1 (0xb23ab000)
	libxcb.so.1 => /lib/arm-linux-gnueabihf/libxcb.so.1 (0xb237c000)
	libxcb-shm.so.0 => /lib/arm-linux-gnueabihf/libxcb-shm.so.0 (0xb2369000)
	libxcb-shape.so.0 => /lib/arm-linux-gnueabihf/libxcb-shape.so.0 (0xb2356000)
	libxcb-xfixes.so.0 => /lib/arm-linux-gnueabihf/libxcb-xfixes.so.0 (0xb233f000)
	libcdio_paranoia.so.2 => /lib/arm-linux-gnueabihf/libcdio_paranoia.so.2 (0xb2327000)
	libcdio_cdda.so.2 => /lib/arm-linux-gnueabihf/libcdio_cdda.so.2 (0xb2310000)
	libdc1394.so.22 => /lib/arm-linux-gnueabihf/libdc1394.so.22 (0xb228c000)
	libasound.so.2 => /lib/arm-linux-gnueabihf/libasound.so.2 (0xb21ab000)
	libcaca.so.0 => /lib/arm-linux-gnueabihf/libcaca.so.0 (0xb20db000)
	libGL.so.1 => /lib/arm-linux-gnueabihf/libGL.so.1 (0xb204c000)
	libpulse.so.0 => /lib/arm-linux-gnueabihf/libpulse.so.0 (0xb1ff6000)
	libSDL2-2.0.so.0 => /lib/arm-linux-gnueabihf/libSDL2-2.0.so.0 (0xb1ee4000)
	libsndio.so.7.0 => /lib/arm-linux-gnueabihf/libsndio.so.7.0 (0xb1ec5000)
	libXv.so.1 => /lib/arm-linux-gnueabihf/libXv.so.1 (0xb1eb1000)
	libXext.so.6 => /lib/arm-linux-gnueabihf/libXext.so.6 (0xb1e92000)
	libsoxr.so.0 => /lib/arm-linux-gnueabihf/libsoxr.so.0 (0xb1e30000)
	libpostproc.so.55 => /lib/arm-linux-gnueabihf/neon/vfp/libpostproc.so.55 (0xb1e15000)
	libbs2b.so.0 => /lib/arm-linux-gnueabihf/libbs2b.so.0 (0xb1e00000)
	liblilv-0.so.0 => /lib/arm-linux-gnueabihf/liblilv-0.so.0 (0xb1ddd000)
	librubberband.so.2 => /lib/arm-linux-gnueabihf/librubberband.so.2 (0xb1d9d000)
	libmysofa.so.0 => /lib/arm-linux-gnueabihf/libmysofa.so.0 (0xb1d81000)
	libflite_cmu_us_awb.so.1 => /lib/arm-linux-gnueabihf/libflite_cmu_us_awb.so.1 (0xb1ac4000)
	libflite_cmu_us_kal.so.1 => /lib/arm-linux-gnueabihf/libflite_cmu_us_kal.so.1 (0xb195a000)
	libflite_cmu_us_kal16.so.1 => /lib/arm-linux-gnueabihf/libflite_cmu_us_kal16.so.1 (0xb157c000)
	libflite_cmu_us_rms.so.1 => /lib/arm-linux-gnueabihf/libflite_cmu_us_rms.so.1 (0xb124c000)
	libflite_cmu_us_slt.so.1 => /lib/arm-linux-gnueabihf/libflite_cmu_us_slt.so.1 (0xb0f8d000)
	libflite.so.1 => /lib/arm-linux-gnueabihf/libflite.so.1 (0xb0f50000)
	libfribidi.so.0 => /lib/arm-linux-gnueabihf/libfribidi.so.0 (0xb0f26000)
	libass.so.9 => /lib/arm-linux-gnueabihf/libass.so.9 (0xb0eef000)
	libvidstab.so.1.1 => /lib/arm-linux-gnueabihf/libvidstab.so.1.1 (0xb0ece000)
	libzmq.so.5 => /lib/arm-linux-gnueabihf/libzmq.so.5 (0xb0e41000)
	libfontconfig.so.1 => /lib/arm-linux-gnueabihf/libfontconfig.so.1 (0xb0df9000)
	libfreetype.so.6 => /lib/arm-linux-gnueabihf/libfreetype.so.6 (0xb0d56000)
	libpng16.so.16 => /lib/arm-linux-gnueabihf/libpng16.so.16 (0xb0d1a000)
	libharfbuzz.so.0 => /lib/arm-linux-gnueabihf/libharfbuzz.so.0 (0xb0c1c000)
	libicui18n.so.63 => /lib/arm-linux-gnueabihf/libicui18n.so.63 (0xb09ce000)
	libicuuc.so.63 => /lib/arm-linux-gnueabihf/libicuuc.so.63 (0xb0848000)
	libpcre2-16.so.0 => /lib/arm-linux-gnueabihf/libpcre2-16.so.0 (0xb07cc000)
	libdouble-conversion.so.1 => /lib/arm-linux-gnueabihf/libdouble-conversion.so.1 (0xb07a8000)
	libGLdispatch.so.0 => /lib/arm-linux-gnueabihf/libGLdispatch.so.0 (0xb0727000)
	libXfixes.so.3 => /lib/arm-linux-gnueabihf/libXfixes.so.3 (0xb0712000)
	librt.so.1 => /lib/arm-linux-gnueabihf/librt.so.1 (0xb06fb000)
	libgdk_pixbuf-2.0.so.0 => /lib/arm-linux-gnueabihf/libgdk_pixbuf-2.0.so.0 (0xb06c9000)
	libgio-2.0.so.0 => /lib/arm-linux-gnueabihf/libgio-2.0.so.0 (0xb054d000)
	libpangocairo-1.0.so.0 => /lib/arm-linux-gnueabihf/libpangocairo-1.0.so.0 (0xb0532000)
	libpangoft2-1.0.so.0 => /lib/arm-linux-gnueabihf/libpangoft2-1.0.so.0 (0xb0510000)
	libpango-1.0.so.0 => /lib/arm-linux-gnueabihf/libpango-1.0.so.0 (0xb04c3000)
	libcroco-0.6.so.3 => /lib/arm-linux-gnueabihf/libcroco-0.6.so.3 (0xb0481000)
	libffi.so.6 => /lib/arm-linux-gnueabihf/libffi.so.6 (0xb0467000)
	libpcre.so.3 => /lib/arm-linux-gnueabihf/libpcre.so.3 (0xb03f0000)
	libpixman-1.so.0 => /lib/arm-linux-gnueabihf/libpixman-1.so.0 (0xb0315000)
	libxcb-render.so.0 => /lib/arm-linux-gnueabihf/libxcb-render.so.0 (0xb02fa000)
	libXrender.so.1 => /lib/arm-linux-gnueabihf/libXrender.so.1 (0xb02e1000)
	libogg.so.0 => /lib/arm-linux-gnueabihf/libogg.so.0 (0xb02cc000)
	libicudata.so.63 => /lib/arm-linux-gnueabihf/libicudata.so.63 (0xae8ce000)
	libmpg123.so.0 => /lib/arm-linux-gnueabihf/libmpg123.so.0 (0xae871000)
	libvorbisfile.so.3 => /lib/arm-linux-gnueabihf/libvorbisfile.so.3 (0xae859000)
	libp11-kit.so.0 => /lib/arm-linux-gnueabihf/libp11-kit.so.0 (0xae752000)
	libidn2.so.0 => /lib/arm-linux-gnueabihf/libidn2.so.0 (0xae726000)
	libunistring.so.2 => /lib/arm-linux-gnueabihf/libunistring.so.2 (0xae5aa000)
	libtasn1.so.6 => /lib/arm-linux-gnueabihf/libtasn1.so.6 (0xae58a000)
	libnettle.so.6 => /lib/arm-linux-gnueabihf/libnettle.so.6 (0xae546000)
	libhogweed.so.4 => /lib/arm-linux-gnueabihf/libhogweed.so.4 (0xae507000)
	libgmp.so.10 => /lib/arm-linux-gnueabihf/libgmp.so.10 (0xae48e000)
	libgcrypt.so.20 => /lib/arm-linux-gnueabihf/libgcrypt.so.20 (0xae3b4000)
	libgssapi_krb5.so.2 => /lib/arm-linux-gnueabihf/libgssapi_krb5.so.2 (0xae36a000)
	libXau.so.6 => /lib/arm-linux-gnueabihf/libXau.so.6 (0xae357000)
	libXdmcp.so.6 => /lib/arm-linux-gnueabihf/libXdmcp.so.6 (0xae340000)
	libcdio.so.18 => /lib/arm-linux-gnueabihf/libcdio.so.18 (0xae30d000)
	libusb-1.0.so.0 => /lib/arm-linux-gnueabihf/libusb-1.0.so.0 (0xae2e8000)
	libslang.so.2 => /lib/arm-linux-gnueabihf/libslang.so.2 (0xae0d9000)
	libncursesw.so.6 => /lib/arm-linux-gnueabihf/libncursesw.so.6 (0xae09c000)
	libtinfo.so.6 => /lib/arm-linux-gnueabihf/libtinfo.so.6 (0xae06b000)
	libGLX.so.0 => /lib/arm-linux-gnueabihf/libGLX.so.0 (0xae04c000)
	libpulsecommon-12.2.so => /usr/lib/arm-linux-gnueabihf/pulseaudio/libpulsecommon-12.2.so (0xadfcb000)
	libdbus-1.so.3 => /lib/arm-linux-gnueabihf/libdbus-1.so.3 (0xadf7a000)
	libcap.so.2 => /lib/arm-linux-gnueabihf/libcap.so.2 (0xadf65000)
	libpulse-simple.so.0 => /lib/arm-linux-gnueabihf/libpulse-simple.so.0 (0xadf4f000)
	libXcursor.so.1 => /lib/arm-linux-gnueabihf/libXcursor.so.1 (0xadf36000)
	libXinerama.so.1 => /lib/arm-linux-gnueabihf/libXinerama.so.1 (0xadf23000)
	libXi.so.6 => /lib/arm-linux-gnueabihf/libXi.so.6 (0xadf05000)
	libXrandr.so.2 => /lib/arm-linux-gnueabihf/libXrandr.so.2 (0xadeec000)
	libXss.so.1 => /lib/arm-linux-gnueabihf/libXss.so.1 (0xaded9000)
	libXxf86vm.so.1 => /lib/arm-linux-gnueabihf/libXxf86vm.so.1 (0xadec4000)
	libwayland-egl.so.1 => /lib/arm-linux-gnueabihf/libwayland-egl.so.1 (0xadeb2000)
	libwayland-client.so.0 => /lib/arm-linux-gnueabihf/libwayland-client.so.0 (0xade98000)
	libwayland-cursor.so.0 => /lib/arm-linux-gnueabihf/libwayland-cursor.so.0 (0xade81000)
	libxkbcommon.so.0 => /lib/arm-linux-gnueabihf/libxkbcommon.so.0 (0xade36000)
	libbsd.so.0 => /lib/arm-linux-gnueabihf/libbsd.so.0 (0xade0e000)
	libgomp.so.1 => /lib/arm-linux-gnueabihf/libgomp.so.1 (0xaddd6000)
	libserd-0.so.0 => /lib/arm-linux-gnueabihf/libserd-0.so.0 (0xaddb3000)
	libsord-0.so.0 => /lib/arm-linux-gnueabihf/libsord-0.so.0 (0xadd9b000)
	libsratom-0.so.0 => /lib/arm-linux-gnueabihf/libsratom-0.so.0 (0xadd82000)
	libsamplerate.so.0 => /lib/arm-linux-gnueabihf/libsamplerate.so.0 (0xadc07000)
	libfftw3.so.3 => /lib/arm-linux-gnueabihf/libfftw3.so.3 (0xadb09000)
	libflite_usenglish.so.1 => /lib/arm-linux-gnueabihf/libflite_usenglish.so.1 (0xadae2000)
	libflite_cmulex.so.1 => /lib/arm-linux-gnueabihf/libflite_cmulex.so.1 (0xada42000)
	libsodium.so.23 => /lib/arm-linux-gnueabihf/libsodium.so.23 (0xad9ef000)
	libpgm-5.2.so.0 => /lib/arm-linux-gnueabihf/libpgm-5.2.so.0 (0xad98f000)
	libnorm.so.1 => /lib/arm-linux-gnueabihf/libnorm.so.1 (0xad845000)
	libexpat.so.1 => /lib/arm-linux-gnueabihf/libexpat.so.1 (0xad804000)
	libuuid.so.1 => /lib/arm-linux-gnueabihf/libuuid.so.1 (0xad7ed000)
	libgraphite2.so.3 => /lib/arm-linux-gnueabihf/libgraphite2.so.3 (0xad7bc000)
	libgmodule-2.0.so.0 => /lib/arm-linux-gnueabihf/libgmodule-2.0.so.0 (0xad7a8000)
	libmount.so.1 => /lib/arm-linux-gnueabihf/libmount.so.1 (0xad747000)
	libselinux.so.1 => /lib/arm-linux-gnueabihf/libselinux.so.1 (0xad715000)
	libresolv.so.2 => /lib/arm-linux-gnueabihf/libresolv.so.2 (0xad6ef000)
	libthai.so.0 => /lib/arm-linux-gnueabihf/libthai.so.0 (0xad6d7000)
	libgpg-error.so.0 => /lib/arm-linux-gnueabihf/libgpg-error.so.0 (0xad6ad000)
	libkrb5.so.3 => /lib/arm-linux-gnueabihf/libkrb5.so.3 (0xad5f2000)
	libk5crypto.so.3 => /lib/arm-linux-gnueabihf/libk5crypto.so.3 (0xad5b2000)
	libcom_err.so.2 => /lib/arm-linux-gnueabihf/libcom_err.so.2 (0xad59f000)
	libkrb5support.so.0 => /lib/arm-linux-gnueabihf/libkrb5support.so.0 (0xad585000)
	libkeyutils.so.1 => /lib/arm-linux-gnueabihf/libkeyutils.so.1 (0xad571000)
	libX11-xcb.so.1 => /lib/arm-linux-gnueabihf/libX11-xcb.so.1 (0xad55f000)
	libICE.so.6 => /lib/arm-linux-gnueabihf/libICE.so.6 (0xad537000)
	libSM.so.6 => /lib/arm-linux-gnueabihf/libSM.so.6 (0xad520000)
	libXtst.so.6 => /lib/arm-linux-gnueabihf/libXtst.so.6 (0xad50b000)
	libsystemd.so.0 => /lib/arm-linux-gnueabihf/libsystemd.so.0 (0xad46e000)
	libwrap.so.0 => /lib/arm-linux-gnueabihf/libwrap.so.0 (0xad456000)
	libsndfile.so.1 => /lib/arm-linux-gnueabihf/libsndfile.so.1 (0xad3da000)
	libasyncns.so.0 => /lib/arm-linux-gnueabihf/libasyncns.so.0 (0xad3c5000)
	libblkid.so.1 => /lib/arm-linux-gnueabihf/libblkid.so.1 (0xad36d000)
	libdatrie.so.1 => /lib/arm-linux-gnueabihf/libdatrie.so.1 (0xad355000)
	liblz4.so.1 => /lib/arm-linux-gnueabihf/liblz4.so.1 (0xad329000)
	libnsl.so.1 => /lib/arm-linux-gnueabihf/libnsl.so.1 (0xad305000)
	libFLAC.so.8 => /lib/arm-linux-gnueabihf/libFLAC.so.8 (0xad2a5000)
